#
# A fatal error has been detected by the Java Runtime Environment:
#
#  EXCEPTION_ACCESS_VIOLATION (0xc0000005) at pc=0x6adab1fc, pid=15000, tid=0x00001918
#
# JRE version: OpenJDK Runtime Environment (8.0_232-b09) (build 1.8.0_232-b09)
# Java VM: OpenJDK Client VM (25.232-b09 mixed mode windows-x86 )
# Problematic frame:
# V  [jvm.dll+0xbb1fc]
#
# Failed to write core dump. Minidumps are not enabled by default on client versions of Windows
#
# If you would like to submit a bug report, please visit:
#   
#

---------------  T H R E A D  ---------------

Current thread (0x28cfc000):  JavaThread "EventThread COM15" [_thread_in_vm, id=6424, stack(0x274e0000,0x27530000)]

siginfo: ExceptionCode=0xc0000005, reading address 0x00000000

Registers:
EAX=0x00000000, EBX=0x28279238, ECX=0x28cfc000, EDX=0x00000000
ESP=0x2752c490, EBP=0x2752c4a8, ESI=0x28cfc000, EDI=0x2752c4c4
EIP=0x6adab1fc, EFLAGS=0x00010246

Top of Stack: (sp=0x2752c490)
0x2752c490:   2752c4c4 28cfc130 28cfc000 285981ac
0x2752c4a0:   0000009f 6afa7db8 2752f528 6400183d
0x2752c4b0:   28cfc000 00000000 00000000 0000301e
0x2752c4c0:   2752c4c4 0a0d4537 310a0d30 380a0d34
0x2752c4d0:   350a0d33 360a0d35 330a0d36 300a0d34
0x2752c4e0:   0d310a0d 0d45330a 0d30450a 0a0d300a
0x2752c4f0:   0a0d3034 380a0d32 320a0d35 38330a0d
0x2752c500:   0d310a0d 0d39460a 0a0d300a 300a0d30 

Instructions: (pc=0x6adab1fc)
0x6adab1dc:   00 00 74 08 8d 4d f0 e8 e8 bc 0c 00 8b 45 0c a8
0x6adab1ec:   01 74 0d 50 e8 6b c5 07 00 83 c4 04 8b f8 eb 02
0x6adab1fc:   8b 38 53 8b 5d 10 85 db 78 32 8b 55 14 85 d2 78
0x6adab20c:   2b 8d 04 13 3b 47 08 77 23 85 d2 7e 3a 8b 47 04 


Register to memory mapping:

EAX=0x00000000 is an unknown value
EBX=0x28279238 is an unknown value
ECX=0x28cfc000 is a thread
EDX=0x00000000 is an unknown value
ESP=0x2752c490 is pointing into the stack for thread: 0x28cfc000
EBP=0x2752c4a8 is pointing into the stack for thread: 0x28cfc000
ESI=0x28cfc000 is a thread
EDI=0x2752c4c4 is pointing into the stack for thread: 0x28cfc000


Stack: [0x274e0000,0x27530000],  sp=0x2752c490,  free space=305k
Native frames: (J=compiled Java code, j=interpreted, Vv=VM code, C=native code)
V  [jvm.dll+0xbb1fc]
C  [jSSC-2.8_x86.dll+0x183d]
J 2953  jssc.SerialNativeInterface.readBytes(JI)[B (0 bytes) @ 0x02f758a5 [0x02f75810+0x95]
J 20269 C1 processing.app.Serial.serialEvent(Ljssc/SerialPortEvent;)V (195 bytes) @ 0x02ef2474 [0x02ef2340+0x134]
J 20516 C1 jssc.SerialPort$EventThread.run()V (84 bytes) @ 0x02d61718 [0x02d615b0+0x168]
v  ~StubRoutines::call_stub
V  [jvm.dll+0x136ae2]
V  [jvm.dll+0x200b4b]
V  [jvm.dll+0x1367da]
V  [jvm.dll+0x13716c]
V  [jvm.dll+0x1370c6]
V  [jvm.dll+0xdf352]
V  [jvm.dll+0x15b1ba]
V  [jvm.dll+0x15a94f]
V  [jvm.dll+0x1995bb]
C  [msvcr120.dll+0x2c01d]
C  [msvcr120.dll+0x2c001]
C  [KERNEL32.DLL+0x1fa29]
C  [ntdll.dll+0x675f4]
C  [ntdll.dll+0x675c4]
C  0x00000000

Java frames: (J=compiled Java code, j=interpreted, Vv=VM code)
J 2953  jssc.SerialNativeInterface.readBytes(JI)[B (0 bytes) @ 0x02f75861 [0x02f75810+0x51]
J 20269 C1 processing.app.Serial.serialEvent(Ljssc/SerialPortEvent;)V (195 bytes) @ 0x02ef2474 [0x02ef2340+0x134]
J 20516 C1 jssc.SerialPort$EventThread.run()V (84 bytes) @ 0x02d61718 [0x02d615b0+0x168]
v  ~StubRoutines::call_stub

---------------  P R O C E S S  ---------------

Java Threads: ( => current thread )
=>0x28cfc000 JavaThread "EventThread COM15" [_thread_in_vm, id=6424, stack(0x274e0000,0x27530000)]
  0x28cfdc00 JavaThread "JmDNS(DESKTOP-0MH3SHV.local.).State.Timer" [_thread_blocked, id=18268, stack(0x260b0000,0x26100000)]
  0x28cf7000 JavaThread "JmDNS(DESKTOP-0MH3SHV.local.).Timer" daemon [_thread_blocked, id=16732, stack(0x26020000,0x26070000)]
  0x28cfbc00 JavaThread "SocketListener(DESKTOP-0MH3SHV.local.)" daemon [_thread_in_native, id=3040, stack(0x25f90000,0x25fe0000)]
  0x28cfb400 JavaThread "JmDNS(DESKTOP-0MH3SHV.local.).State.Timer" [_thread_blocked, id=7636, stack(0x25cc0000,0x25d10000)]
  0x28cf6800 JavaThread "JmDNS(DESKTOP-0MH3SHV.local.).Timer" daemon [_thread_blocked, id=17524, stack(0x25380000,0x253d0000)]
  0x28cfd400 JavaThread "SocketListener(DESKTOP-0MH3SHV.local.)" daemon [_thread_in_native, id=1128, stack(0x02870000,0x028c0000)]
  0x28cf7800 JavaThread "DestroyJavaVM" [_thread_blocked, id=13876, stack(0x028d0000,0x02920000)]
  0x289d5c00 JavaThread "TimerQueue" daemon [_thread_blocked, id=1852, stack(0x2b540000,0x2b590000)]
  0x289d6800 JavaThread "AWT-EventQueue-0" [_thread_blocked, id=1408, stack(0x27ff0000,0x28040000)]
  0x289d3c00 JavaThread "AWT-Shutdown" [_thread_blocked, id=8092, stack(0x27f60000,0x27fb0000)]
  0x289d6400 JavaThread "Batik CleanerThread" daemon [_thread_blocked, id=8424, stack(0x27b30000,0x27b80000)]
  0x289d5000 JavaThread "JmDNS(192-168-0-13.local.).State.Timer" [_thread_blocked, id=4348, stack(0x278c0000,0x27910000)]
  0x289d4c00 JavaThread "JmDNS(192-168-0-13.local.).Timer" daemon [_thread_blocked, id=17456, stack(0x27830000,0x27880000)]
  0x289d4400 JavaThread "SocketListener(192-168-0-13.local.)" daemon [_thread_blocked, id=1312, stack(0x277a0000,0x277f0000)]
  0x288f7000 JavaThread "Multihomed mDNS.Timer" daemon [_thread_blocked, id=7692, stack(0x26ec0000,0x26f10000)]
  0x2879d000 JavaThread "cc.arduino.packages.discoverers.serial.SerialDiscovery" [_thread_blocked, id=14296, stack(0x27570000,0x275c0000)]
  0x269a5000 JavaThread "AWT-Windows" daemon [_thread_in_native, id=14792, stack(0x26f50000,0x26fa0000)]
  0x2699c000 JavaThread "Java2D Disposer" daemon [_thread_blocked, id=12552, stack(0x26e30000,0x26e80000)]
  0x252fa000 JavaThread "Service Thread" daemon [_thread_blocked, id=13384, stack(0x26480000,0x264d0000)]
  0x252d8400 JavaThread "C1 CompilerThread0" daemon [_thread_blocked, id=18052, stack(0x263f0000,0x26440000)]
  0x252d7800 JavaThread "Attach Listener" daemon [_thread_blocked, id=7648, stack(0x26360000,0x263b0000)]
  0x252ce800 JavaThread "Signal Dispatcher" daemon [_thread_blocked, id=10448, stack(0x262d0000,0x26320000)]
  0x00ecbc00 JavaThread "Finalizer" daemon [_thread_blocked, id=13212, stack(0x253e0000,0x25430000)]
  0x2529d800 JavaThread "Reference Handler" daemon [_thread_blocked, id=18280, stack(0x251a0000,0x251f0000)]

Other Threads:
  0x00eb8800 VMThread [stack: 0x25110000,0x25160000] [id=8264]
  0x252fb400 WatcherThread [stack: 0x26510000,0x26560000] [id=3404]

VM state:synchronizing (normal execution)

VM Mutex/Monitor currently owned by a thread:  ([mutex/lock_event])
[0x00e06eb8] Threads_lock - owner thread: 0x00eb8800
[0x00e06220] Heap_lock - owner thread: 0x288f7000

OutOfMemory and StackOverflow Exception counts:
OutOfMemoryError java_heap_errors=3

Heap:
 def new generation   total 157248K, used 157247K [0x04c00000, 0x0f6a0000, 0x0f6a0000)
  eden space 139776K, 100% used [0x04c00000, 0x0d480000, 0x0d480000)
  from space 17472K,  99% used [0x0d480000, 0x0e58ffd8, 0x0e590000)
  to   space 17472K,   0% used [0x0e590000, 0x0e590000, 0x0f6a0000)
 tenured generation   total 349568K, used 349568K [0x0f6a0000, 0x24c00000, 0x24c00000)
   the space 349568K, 100% used [0x0f6a0000, 0x24c00000, 0x24c00000, 0x24c00000)
 Metaspace       used 25903K, capacity 26572K, committed 27008K, reserved 27008K

Card table byte_map: [0x04ab0000,0x04bc0000] byte_map_base: 0x04a8a000

Polling page: 0x02820000

CodeCache: size=32768Kb used=2859Kb max_used=5287Kb free=29908Kb
 bounds [0x02ab0000, 0x02fe0000, 0x04ab0000]
 total_blobs=1733 nmethods=1406 adapters=254
 compilation: enabled

Compilation events (10 events):
Event: 4515.957 Thread 0x252d8400 32184             java.awt.Component::isMinimumSizeSet (5 bytes)
Event: 4515.957 Thread 0x252d8400 nmethod 32184 0x02bda288 code [0x02bda380, 0x02bda400]
Event: 4515.996 Thread 0x252d8400 32185             javax.swing.text.Utilities::getTabbedTextWidth (348 bytes)
Event: 4515.997 Thread 0x252d8400 nmethod 32185 0x02c02ac8 code [0x02c02c40, 0x02c03094]
Event: 4516.489 Thread 0x252d8400 32186             java.awt.Component::isMixingNeeded (269 bytes)
Event: 4516.491 Thread 0x252d8400 nmethod 32186 0x02bce908 code [0x02bcecf0, 0x02bcfda8]
Event: 4517.405 Thread 0x252d8400 32187  s          java.awt.Toolkit::getDefaultToolkit (24 bytes)
Event: 4517.406 Thread 0x252d8400 nmethod 32187 0x02b54a08 code [0x02b54b20, 0x02b54d48]
Event: 4517.506 Thread 0x252d8400 32188             sun.java2d.SunGraphics2D::getColor (5 bytes)
Event: 4517.506 Thread 0x252d8400 nmethod 32188 0x02d61108 code [0x02d61200, 0x02d61280]

GC Heap History (10 events):
Event: 4533.409 GC heap before
{Heap before GC invocations=153 (full 106):
 def new generation   total 157248K, used 157248K [0x04c00000, 0x0f6a0000, 0x0f6a0000)
  eden space 139776K, 100% used [0x04c00000, 0x0d480000, 0x0d480000)
  from space 17472K, 100% used [0x0d480000, 0x0e590000, 0x0e590000)
  to   space 17472K,   0% used [0x0e590000, 0x0e590000, 0x0f6a0000)
 tenured generation   total 349568K, used 349568K [0x0f6a0000, 0x24c00000, 0x24c00000)
   the space 349568K, 100% used [0x0f6a0000, 0x24c00000, 0x24c00000, 0x24c00000)
 Metaspace       used 25903K, capacity 26572K, committed 27008K, reserved 27008K
Event: 4533.817 GC heap after
Heap after GC invocations=154 (full 107):
 def new generation   total 157248K, used 157245K [0x04c00000, 0x0f6a0000, 0x0f6a0000)
  eden space 139776K, 100% used [0x04c00000, 0x0d480000, 0x0d480000)
  from space 17472K,  99% used [0x0d480000, 0x0e58f488, 0x0e590000)
  to   space 17472K,   0% used [0x0e590000, 0x0e590000, 0x0f6a0000)
 tenured generation   total 349568K, used 349568K [0x0f6a0000, 0x24c00000, 0x24c00000)
   the space 349568K, 100% used [0x0f6a0000, 0x24c00000, 0x24c00000, 0x24c00000)
 Metaspace       used 25903K, capacity 26572K, committed 27008K, reserved 27008K
}
Event: 4533.817 GC heap before
{Heap before GC invocations=154 (full 107):
 def new generation   total 157248K, used 157247K [0x04c00000, 0x0f6a0000, 0x0f6a0000)
  eden space 139776K, 100% used [0x04c00000, 0x0d480000, 0x0d480000)
  from space 17472K,  99% used [0x0d480000, 0x0e58ff98, 0x0e590000)
  to   space 17472K,   0% used [0x0e590000, 0x0e590000, 0x0f6a0000)
 tenured generation   total 349568K, used 349568K [0x0f6a0000, 0x24c00000, 0x24c00000)
   the space 349568K, 100% used [0x0f6a0000, 0x24c00000, 0x24c00000, 0x24c00000)
 Metaspace       used 25903K, capacity 26572K, committed 27008K, reserved 27008K
Event: 4534.207 GC heap after
Heap after GC invocations=155 (full 108):
 def new generation   total 157248K, used 157246K [0x04c00000, 0x0f6a0000, 0x0f6a0000)
  eden space 139776K, 100% used [0x04c00000, 0x0d480000, 0x0d480000)
  from space 17472K,  99% used [0x0d480000, 0x0e58f8b0, 0x0e590000)
  to   space 17472K,   0% used [0x0e590000, 0x0e590000, 0x0f6a0000)
 tenured generation   total 349568K, used 349568K [0x0f6a0000, 0x24c00000, 0x24c00000)
   the space 349568K, 100% used [0x0f6a0000, 0x24c00000, 0x24c00000, 0x24c00000)
 Metaspace       used 25903K, capacity 26572K, committed 27008K, reserved 27008K
}
Event: 4534.208 GC heap before
{Heap before GC invocations=155 (full 108):
 def new generation   total 157248K, used 157247K [0x04c00000, 0x0f6a0000, 0x0f6a0000)
  eden space 139776K, 100% used [0x04c00000, 0x0d480000, 0x0d480000)
  from space 17472K,  99% used [0x0d480000, 0x0e58fd08, 0x0e590000)
  to   space 17472K,   0% used [0x0e590000, 0x0e590000, 0x0f6a0000)
 tenured generation   total 349568K, used 349568K [0x0f6a0000, 0x24c00000, 0x24c00000)
   the space 349568K, 100% used [0x0f6a0000, 0x24c00000, 0x24c00000, 0x24c00000)
 Metaspace       used 25903K, capacity 26572K, committed 27008K, reserved 27008K
Event: 4534.591 GC heap after
Heap after GC invocations=156 (full 109):
 def new generation   total 157248K, used 157245K [0x04c00000, 0x0f6a0000, 0x0f6a0000)
  eden space 139776K, 100% used [0x04c00000, 0x0d480000, 0x0d480000)
  from space 17472K,  99% used [0x0d480000, 0x0e58f4c8, 0x0e590000)
  to   space 17472K,   0% used [0x0e590000, 0x0e590000, 0x0f6a0000)
 tenured generation   total 349568K, used 349568K [0x0f6a0000, 0x24c00000, 0x24c00000)
   the space 349568K, 100% used [0x0f6a0000, 0x24c00000, 0x24c00000, 0x24c00000)
 Metaspace       used 25903K, capacity 26572K, committed 27008K, reserved 27008K
}
Event: 4534.591 GC heap before
{Heap before GC invocations=156 (full 109):
 def new generation   total 157248K, used 157246K [0x04c00000, 0x0f6a0000, 0x0f6a0000)
  eden space 139776K, 100% used [0x04c00000, 0x0d480000, 0x0d480000)
  from space 17472K,  99% used [0x0d480000, 0x0e58fb88, 0x0e590000)
  to   space 17472K,   0% used [0x0e590000, 0x0e590000, 0x0f6a0000)
 tenured generation   total 349568K, used 349568K [0x0f6a0000, 0x24c00000, 0x24c00000)
   the space 349568K, 100% used [0x0f6a0000, 0x24c00000, 0x24c00000, 0x24c00000)
 Metaspace       used 25903K, capacity 26572K, committed 27008K, reserved 27008K
Event: 4534.988 GC heap after
Heap after GC invocations=157 (full 110):
 def new generation   total 157248K, used 157246K [0x04c00000, 0x0f6a0000, 0x0f6a0000)
  eden space 139776K, 100% used [0x04c00000, 0x0d480000, 0x0d480000)
  from space 17472K,  99% used [0x0d480000, 0x0e58fb50, 0x0e590000)
  to   space 17472K,   0% used [0x0e590000, 0x0e590000, 0x0f6a0000)
 tenured generation   total 349568K, used 349568K [0x0f6a0000, 0x24c00000, 0x24c00000)
   the space 349568K, 100% used [0x0f6a0000, 0x24c00000, 0x24c00000, 0x24c00000)
 Metaspace       used 25903K, capacity 26572K, committed 27008K, reserved 27008K
}
Event: 4534.988 GC heap before
{Heap before GC invocations=157 (full 110):
 def new generation   total 157248K, used 157246K [0x04c00000, 0x0f6a0000, 0x0f6a0000)
  eden space 139776K, 100% used [0x04c00000, 0x0d480000, 0x0d480000)
  from space 17472K,  99% used [0x0d480000, 0x0e58fb50, 0x0e590000)
  to   space 17472K,   0% used [0x0e590000, 0x0e590000, 0x0f6a0000)
 tenured generation   total 349568K, used 349568K [0x0f6a0000, 0x24c00000, 0x24c00000)
   the space 349568K, 100% used [0x0f6a0000, 0x24c00000, 0x24c00000, 0x24c00000)
 Metaspace       used 25903K, capacity 26572K, committed 27008K, reserved 27008K
Event: 4535.369 GC heap after
Heap after GC invocations=158 (full 111):
 def new generation   total 157248K, used 157246K [0x04c00000, 0x0f6a0000, 0x0f6a0000)
  eden space 139776K, 100% used [0x04c00000, 0x0d480000, 0x0d480000)
  from space 17472K,  99% used [0x0d480000, 0x0e58fb50, 0x0e590000)
  to   space 17472K,   0% used [0x0e590000, 0x0e590000, 0x0f6a0000)
 tenured generation   total 349568K, used 349568K [0x0f6a0000, 0x24c00000, 0x24c00000)
   the space 349568K, 100% used [0x0f6a0000, 0x24c00000, 0x24c00000, 0x24c00000)
 Metaspace       used 25903K, capacity 26572K, committed 27008K, reserved 27008K
}

Deoptimization events (0 events):
No events

Classes redefined (0 events):
No events

Internal exceptions (10 events):
Event: 4524.853 Thread 0x289d6800 Exception <a 'java/io/IOException'> (0x0e58aad8) thrown at [C:\cygwin64\tmp\openjdk-jdk8u-windows-x86-32-hotspot\workspace\build\src\hotspot\src\share\vm\prims\jni.cpp, line 710]
Event: 4524.853 Thread 0x289d6800 Exception <a 'java/io/IOException'> (0x0e58b228) thrown at [C:\cygwin64\tmp\openjdk-jdk8u-windows-x86-32-hotspot\workspace\build\src\hotspot\src\share\vm\prims\jni.cpp, line 710]
Event: 4524.853 Thread 0x289d6800 Exception <a 'java/io/IOException'> (0x0e58b6a0) thrown at [C:\cygwin64\tmp\openjdk-jdk8u-windows-x86-32-hotspot\workspace\build\src\hotspot\src\share\vm\prims\jni.cpp, line 710]
Event: 4524.853 Thread 0x289d6800 Exception <a 'java/io/IOException'> (0x0e58c3c8) thrown at [C:\cygwin64\tmp\openjdk-jdk8u-windows-x86-32-hotspot\workspace\build\src\hotspot\src\share\vm\prims\jni.cpp, line 710]
Event: 4524.853 Thread 0x289d6800 Exception <a 'java/io/IOException'> (0x0e58cb88) thrown at [C:\cygwin64\tmp\openjdk-jdk8u-windows-x86-32-hotspot\workspace\build\src\hotspot\src\share\vm\prims\jni.cpp, line 710]
Event: 4524.853 Thread 0x289d6800 Exception <a 'java/io/IOException'> (0x0e58cfe0) thrown at [C:\cygwin64\tmp\openjdk-jdk8u-windows-x86-32-hotspot\workspace\build\src\hotspot\src\share\vm\prims\jni.cpp, line 710]
Event: 4524.853 Thread 0x289d6800 Exception <a 'java/io/IOException'> (0x0e58da38) thrown at [C:\cygwin64\tmp\openjdk-jdk8u-windows-x86-32-hotspot\workspace\build\src\hotspot\src\share\vm\prims\jni.cpp, line 710]
Event: 4525.656 Thread 0x289d6800 Exception <a 'java/io/IOException'> (0x0e58f9c0) thrown at [C:\cygwin64\tmp\openjdk-jdk8u-windows-x86-32-hotspot\workspace\build\src\hotspot\src\share\vm\prims\jni.cpp, line 710]
Event: 4526.045 Thread 0x289d6800 Exception <a 'java/io/IOException'> (0x0e58ead8) thrown at [C:\cygwin64\tmp\openjdk-jdk8u-windows-x86-32-hotspot\workspace\build\src\hotspot\src\share\vm\prims\jni.cpp, line 710]
Event: 4535.370 Thread 0x28cfc000 Exception <a 'java/lang/OutOfMemoryError'> (0x0f6f7eb8) thrown at [C:\cygwin64\tmp\openjdk-jdk8u-windows-x86-32-hotspot\workspace\build\src\hotspot\src\share\vm\gc_interface/collectedHeap.inline.hpp, line 159]

Events (10 events):
Event: 4533.032 Executing VM operation: GenCollectForAllocation
Event: 4533.409 Executing VM operation: GenCollectForAllocation done
Event: 4533.409 Executing VM operation: GenCollectForAllocation
Event: 4533.817 Executing VM operation: GenCollectForAllocation done
Event: 4533.817 Executing VM operation: GenCollectForAllocation
Event: 4534.207 Executing VM operation: GenCollectForAllocation done
Event: 4534.208 Executing VM operation: GenCollectForAllocation
Event: 4534.591 Executing VM operation: GenCollectForAllocation done
Event: 4534.591 Executing VM operation: GenCollectForAllocation
Event: 4535.369 Executing VM operation: GenCollectForAllocation done


Dynamic libraries:
0x00fb0000 - 0x00fe5000 	C:\Program Files (x86)\Arduino\java\bin\javaw.exe
0x77c80000 - 0x77e23000 	C:\WINDOWS\SYSTEM32\ntdll.dll
0x772f0000 - 0x773e0000 	C:\WINDOWS\System32\KERNEL32.DLL
0x76cb0000 - 0x76ec4000 	C:\WINDOWS\System32\KERNELBASE.dll
0x75ba0000 - 0x75c1a000 	C:\WINDOWS\System32\ADVAPI32.dll
0x75e50000 - 0x75f0f000 	C:\WINDOWS\System32\msvcrt.dll
0x75c40000 - 0x75cb6000 	C:\WINDOWS\System32\sechost.dll
0x77bb0000 - 0x77c70000 	C:\WINDOWS\System32\RPCRT4.dll
0x76650000 - 0x767e6000 	C:\WINDOWS\System32\USER32.dll
0x75f10000 - 0x75f28000 	C:\WINDOWS\System32\win32u.dll
0x75e20000 - 0x75e43000 	C:\WINDOWS\System32\GDI32.dll
0x76ed0000 - 0x76fab000 	C:\WINDOWS\System32\gdi32full.dll
0x765d0000 - 0x7664b000 	C:\WINDOWS\System32\msvcp_win.dll
0x76850000 - 0x76970000 	C:\WINDOWS\System32\ucrtbase.dll
0x6fd30000 - 0x6ff42000 	C:\WINDOWS\WinSxS\x86_microsoft.windows.common-controls_6595b64144ccf1df_6.0.19041.488_none_11b1e5df2ffd8627\COMCTL32.dll
0x77240000 - 0x77265000 	C:\WINDOWS\System32\IMM32.DLL
0x6b100000 - 0x6b1ee000 	C:\Program Files (x86)\Arduino\java\bin\msvcr120.dll
0x6b080000 - 0x6b0f1000 	C:\Program Files (x86)\Arduino\java\bin\msvcp120.dll
0x6acf0000 - 0x6b07c000 	C:\Program Files (x86)\Arduino\java\bin\client\jvm.dll
0x769b0000 - 0x769b6000 	C:\WINDOWS\System32\PSAPI.DLL
0x747b0000 - 0x747b8000 	C:\WINDOWS\SYSTEM32\WSOCK32.dll
0x75fc0000 - 0x76023000 	C:\WINDOWS\System32\WS2_32.dll
0x74c90000 - 0x74cb8000 	C:\WINDOWS\SYSTEM32\WINMM.dll
0x75290000 - 0x75298000 	C:\WINDOWS\SYSTEM32\VERSION.dll
0x6acb0000 - 0x6ace1000 	C:\Program Files (x86)\Arduino\java\bin\splashscreen.dll
0x718f0000 - 0x71964000 	C:\WINDOWS\system32\uxtheme.dll
0x76fb0000 - 0x77231000 	C:\WINDOWS\System32\combase.dll
0x6aca0000 - 0x6acad000 	C:\Program Files (x86)\Arduino\java\bin\verify.dll
0x6ac70000 - 0x6ac94000 	C:\Program Files (x86)\Arduino\java\bin\java.dll
0x6ac50000 - 0x6ac64000 	C:\Program Files (x86)\Arduino\java\bin\zip.dll
0x76bd0000 - 0x76ca4000 	C:\WINDOWS\System32\MSCTF.dll
0x760e0000 - 0x76176000 	C:\WINDOWS\System32\OLEAUT32.dll
0x740e0000 - 0x740ef000 	C:\WINDOWS\SYSTEM32\kernel.appcore.dll
0x767f0000 - 0x7684d000 	C:\WINDOWS\System32\bcryptPrimitives.dll
0x775a0000 - 0x77b53000 	C:\WINDOWS\System32\SHELL32.dll
0x66e20000 - 0x66eda000 	C:\WINDOWS\SYSTEM32\textinputframework.dll
0x68d80000 - 0x68ffe000 	C:\WINDOWS\System32\CoreUIComponents.dll
0x76b40000 - 0x76bc8000 	C:\WINDOWS\System32\SHCORE.dll
0x69000000 - 0x6909b000 	C:\WINDOWS\System32\CoreMessaging.dll
0x74040000 - 0x74069000 	C:\WINDOWS\SYSTEM32\ntmarta.dll
0x6d750000 - 0x6d82e000 	C:\WINDOWS\SYSTEM32\wintypes.dll
0x74120000 - 0x7472a000 	C:\WINDOWS\SYSTEM32\windows.storage.dll
0x740f0000 - 0x74114000 	C:\WINDOWS\SYSTEM32\Wldp.dll
0x77b60000 - 0x77ba5000 	C:\WINDOWS\System32\shlwapi.dll
0x740a0000 - 0x740bd000 	C:\WINDOWS\SYSTEM32\profapi.dll
0x61940000 - 0x619b3000 	C:\Program Files (x86)\Arduino\lib\listSerialsj.dll
0x76180000 - 0x765b4000 	C:\WINDOWS\System32\SETUPAPI.dll
0x76970000 - 0x769ab000 	C:\WINDOWS\System32\cfgmgr32.dll
0x773e0000 - 0x773f9000 	C:\WINDOWS\System32\bcrypt.dll
0x6ac30000 - 0x6ac4d000 	C:\Program Files (x86)\Arduino\lib\jnidispatch-4.2.2-win32-x86.dll
0x5c2c0000 - 0x5c37f000 	C:\WINDOWS\SYSTEM32\MSVCR100.dll
0x774b0000 - 0x77593000 	C:\WINDOWS\System32\Ole32.dll
0x6ac10000 - 0x6ac26000 	C:\Program Files (x86)\Arduino\java\bin\net.dll
0x73c50000 - 0x73ca2000 	C:\WINDOWS\system32\mswsock.dll
0x6ac00000 - 0x6ac0f000 	C:\Program Files (x86)\Arduino\java\bin\nio.dll
0x6aab0000 - 0x6abfa000 	C:\Program Files (x86)\Arduino\java\bin\awt.dll
0x6c620000 - 0x6c6bf000 	C:\WINDOWS\SYSTEM32\apphelp.dll
0x6fd00000 - 0x6fd26000 	C:\WINDOWS\system32\DWMAPI.DLL
0x6aa30000 - 0x6aaab000 	C:\Program Files (x86)\Arduino\java\bin\freetype.dll
0x6a990000 - 0x6aa2b000 	C:\Program Files (x86)\Arduino\java\bin\fontmanager.dll
0x6a880000 - 0x6a983000 	C:\WINDOWS\system32\opengl32.dll
0x6a840000 - 0x6a87f000 	C:\WINDOWS\SYSTEM32\GLU32.dll
0x6a830000 - 0x6a83a000 	C:\Program Files (x86)\Arduino\java\bin\management.dll
0x71b80000 - 0x71b91000 	C:\WINDOWS\system32\napinsp.dll
0x71b60000 - 0x71b76000 	C:\WINDOWS\system32\pnrpnsp.dll
0x71b50000 - 0x71b60000 	C:\WINDOWS\system32\wshbth.dll
0x71b30000 - 0x71b46000 	C:\WINDOWS\system32\NLAapi.dll
0x75ab0000 - 0x75ae2000 	C:\WINDOWS\SYSTEM32\IPHLPAPI.DLL
0x74ed0000 - 0x74f62000 	C:\WINDOWS\SYSTEM32\DNSAPI.dll
0x76b30000 - 0x76b37000 	C:\WINDOWS\System32\NSI.dll
0x71b20000 - 0x71b2e000 	C:\WINDOWS\System32\winrnr.dll
0x6a3d0000 - 0x6a3f1000 	C:\Program Files (x86)\Bonjour\mdnsNSP.dll
0x719b0000 - 0x71a08000 	C:\WINDOWS\System32\fwpuclnt.dll
0x71a10000 - 0x71a18000 	C:\Windows\System32\rasadhlp.dll
0x73e70000 - 0x73e84000 	C:\WINDOWS\SYSTEM32\dhcpcsvc6.DLL
0x73e50000 - 0x73e66000 	C:\WINDOWS\SYSTEM32\dhcpcsvc.DLL
0x740c0000 - 0x740d3000 	C:\WINDOWS\SYSTEM32\CRYPTSP.dll
0x74070000 - 0x7409f000 	C:\WINDOWS\system32\rsaenh.dll
0x75a80000 - 0x75aa5000 	C:\WINDOWS\SYSTEM32\USERENV.dll
0x74030000 - 0x7403a000 	C:\WINDOWS\SYSTEM32\CRYPTBASE.dll
0x74740000 - 0x74764000 	C:\WINDOWS\SYSTEM32\DEVOBJ.dll
0x76090000 - 0x760d7000 	C:\WINDOWS\System32\WINTRUST.dll
0x75cc0000 - 0x75dbf000 	C:\WINDOWS\System32\CRYPT32.dll
0x74730000 - 0x7473e000 	C:\WINDOWS\SYSTEM32\MSASN1.dll
0x6a7c0000 - 0x6a829000 	C:\Program Files (x86)\Arduino\msvcp100.dll
0x6a700000 - 0x6a7be000 	C:\Program Files (x86)\Arduino\msvcr100.dll
0x279a0000 - 0x279d2000 	C:\Program Files (x86)\Arduino\lib\AStylej.dll
0x77270000 - 0x772ee000 	C:\WINDOWS\System32\clbcatq.dll
0x6c4b0000 - 0x6c620000 	C:\WINDOWS\SYSTEM32\WindowsCodecs.dll
0x68af0000 - 0x68b22000 	C:\WINDOWS\system32\dataexchange.dll
0x6ddc0000 - 0x6dfa0000 	C:\WINDOWS\system32\d3d11.dll
0x68980000 - 0x68ae6000 	C:\WINDOWS\system32\dcomp.dll
0x6dfa0000 - 0x6e062000 	C:\WINDOWS\system32\dxgi.dll
0x6c9b0000 - 0x6cb41000 	C:\WINDOWS\system32\twinapi.appcore.dll
0x6a6d0000 - 0x6a6f3000 	C:\Program Files (x86)\Arduino\java\bin\sunec.dll
0x6a6c0000 - 0x6a6c9000 	C:\Program Files (x86)\Arduino\java\bin\sunmscapi.dll
0x64000000 - 0x6401b000 	C:\Program Files (x86)\Arduino\lib\jSSC-2.8_x86.dll
0x77400000 - 0x774af000 	C:\WINDOWS\System32\COMDLG32.dll
0x6e490000 - 0x6e553000 	C:\WINDOWS\system32\propsys.dll
0x6b210000 - 0x6b292000 	C:\Program Files (x86)\Common Files\microsoft shared\ink\tiptsf.dll
0x66ac0000 - 0x66b54000 	C:\WINDOWS\SYSTEM32\TextShaping.dll
0x6d8d0000 - 0x6d8eb000 	C:\WINDOWS\SYSTEM32\edputil.dll
0x68370000 - 0x68383000 	C:\WINDOWS\system32\NetworkExplorer.dll
0x6b2b0000 - 0x6b2f9000 	C:\Windows\System32\thumbcache.dll
0x6cd70000 - 0x6cdcc000 	C:\WINDOWS\SYSTEM32\ntshrui.dll
0x73da0000 - 0x73dc8000 	C:\WINDOWS\SYSTEM32\SspiCli.dll
0x6dc00000 - 0x6dc1d000 	C:\WINDOWS\SYSTEM32\srvcli.dll
0x71a20000 - 0x71a2e000 	C:\WINDOWS\SYSTEM32\cscapi.dll
0x6d8f0000 - 0x6d93a000 	C:\Windows\System32\Windows.FileExplorer.Common.dll
0x6e1e0000 - 0x6e40b000 	C:\Windows\System32\iertutil.dll
0x6cdd0000 - 0x6ce51000 	C:\WINDOWS\System32\StructuredQuery.dll
0x6d6c0000 - 0x6d743000 	C:\WINDOWS\SYSTEM32\policymanager.dll
0x6bb70000 - 0x6bbd5000 	C:\WINDOWS\SYSTEM32\msvcp110_win.dll
0x6ccd0000 - 0x6cd6d000 	C:\WINDOWS\system32\Windows.Storage.Search.dll
0x6da00000 - 0x6da1c000 	C:\Windows\System32\cldapi.dll
0x6d9f0000 - 0x6d9f8000 	C:\Windows\System32\FLTLIB.DLL
0x7a770000 - 0x7a803000 	C:\Windows\System32\Windows.StateRepositoryPS.dll
0x6a580000 - 0x6a6bf000 	C:\Users\Kaj\AppData\Local\Microsoft\OneDrive\20.201.1005.0009\FileSyncShell.dll
0x75af0000 - 0x75aff000 	C:\WINDOWS\SYSTEM32\WTSAPI32.dll
0x74800000 - 0x74c58000 	C:\WINDOWS\SYSTEM32\WININET.dll
0x6ff50000 - 0x700f9000 	C:\WINDOWS\SYSTEM32\urlmon.dll
0x70f50000 - 0x710d8000 	C:\WINDOWS\SYSTEM32\dbghelp.dll

VM Arguments:
jvm_args: -Dsun.java2d.d3d=false -Djna.nosys=true -Djna.nounpack=true -Djna.boot.library.name=jnidispatch-4.2.2-win32-x86 -Djna.boot.library.path=C:\Program Files (x86)\Arduino/lib -Djssc.library.path=C:\Program Files (x86)\Arduino/lib -DAPP_DIR=C:\Program Files (x86)\Arduino -Xms128M -Xmx512M -Dfile.encoding=UTF8 -Djava.net.preferIPv4Stack=true 
java_command: processing.app.Base C:\Users\Kaj\OneDrive\Github\Position_Control\Position_Control\Position_Control.ino
java_class_path (initial): C:\Program Files (x86)\Arduino\lib\apple.jar;C:\Program Files (x86)\Arduino\lib\arduino-core.jar;C:\Program Files (x86)\Arduino\lib\batik-1.8.jar;C:\Program Files (x86)\Arduino\lib\batik-anim-1.8.jar;C:\Program Files (x86)\Arduino\lib\batik-awt-util-1.8.jar;C:\Program Files (x86)\Arduino\lib\batik-bridge-1.8.jar;C:\Program Files (x86)\Arduino\lib\batik-codec-1.8.jar;C:\Program Files (x86)\Arduino\lib\batik-css-1.8.jar;C:\Program Files (x86)\Arduino\lib\batik-dom-1.8.jar;C:\Program Files (x86)\Arduino\lib\batik-ext-1.8.jar;C:\Program Files (x86)\Arduino\lib\batik-gvt-1.8.jar;C:\Program Files (x86)\Arduino\lib\batik-parser-1.8.jar;C:\Program Files (x86)\Arduino\lib\batik-rasterizer-1.8.jar;C:\Program Files (x86)\Arduino\lib\batik-script-1.8.jar;C:\Program Files (x86)\Arduino\lib\batik-squiggle-1.8.jar;C:\Program Files (x86)\Arduino\lib\batik-svg-dom-1.8.jar;C:\Program Files (x86)\Arduino\lib\batik-svgpp-1.8.jar;C:\Program Files (x86)\Arduino\lib\batik-transcoder-1.8.jar;C:\Program Files (x86)\Arduino\lib\batik-util-1.8.jar;C:\Program Files (x86)\Arduino\lib\batik-xml-1.8.jar;C:\Program Files (x86)\Arduino\lib\bcpg-jdk15on-152.jar;C:\Program Files (x86)\Arduino\lib\bcprov-jdk15on-152.jar;C:\Program Files (x86)\Arduino\lib\commons-codec-1.7.jar;C:\Program Files (x86)\Arduino\lib\commons-compress-1.8.jar;C:\Program Files (x86)\Arduino\lib\commons-exec-1.1.jar;C:\Program Files (x86)\Arduino\lib\commons-httpclient-3.1.jar;C:\Program Files (x86)\Arduino\lib\commons-lang3-3.8.1.jar;C:\Program Files (x86)\Arduino\lib\commons-logging-1.0.4.jar;C:\Program Files (x86)\Arduino\lib\commons-net-3.3.jar;C:\Program Files (x86)\Arduino\lib\commons-io-2.6.jar;C:\Program Files (x86)\Arduino\lib\jackson-annotations-2.9.5.jar;C:\Program Files (x86)\Arduino\lib\jackson-core-2.9.5.jar;C:\Program Files (x86)\Arduino\lib\jackson-databind-2.9.5.jar;C:\Program Files (x86)\Arduino\lib\jackson-module-mrbean-2.9.5.jar;C:\Program Files (x86)\Arduino\lib\java-semver-0.8.
Launcher Type: SUN_STANDARD

Environment Variables:
PATH=C:\Python39\Scripts\;C:\Python39\;C:\Program Files (x86)\Common Files\Oracle\Java\javapath;C:\Program Files (x86)\Microsoft Visual Studio\Shared\Python37_86\Scripts\;C:\Program Files (x86)\Microsoft Visual Studio\Shared\Python37_86\;C:\Program Files\Oculus\Support\oculus-runtime;C:\WINDOWS\system32;C:\WINDOWS;C:\WINDOWS\System32\Wbem;C:\WINDOWS\System32\WindowsPowerShell\v1.0\;C:\WINDOWS\System32\OpenSSH\;C:\Program Files\dotnet\;C:\Program Files\mingw-w64\x86_64-8.1.0-posix-seh-rt_v6-rev0\mingw64\bin;C:\Program Files\CMake\bin;C:\Program Files\PuTTY\;C:\Program Files\Microsoft SQL Server\130\Tools\Binn\;C:\Program Files\Microsoft SQL Server\Client SDK\ODBC\170\Tools\Binn\;C:\Program Files (x86)\Microsoft Visual Studio\Shared\Python37_86;C:\Users\Kaj\AppData\Roaming\Python\Python37;C:\Program Files\Git\cmd;C:\RoboDK\Python37;C:\WINDOWS\system32;C:\WINDOWS;C:\WINDOWS\System32\Wbem;C:\WINDOWS\System32\WindowsPowerShell\v1.0\;C:\WINDOWS\System32\OpenSSH\;D:\MATLAB\R2020a\runtime\win64;D:\MATLAB\R2020a\bin;C:\Program Files\mingw-w64\x86_64-8.1.0-posix-seh-rt_v6-rev0\mingw64\bin;C:\Program Files\nodejs\;C:\ProgramData\chocolatey\bin;C:\Program Files (x86)\dotnet\;C:\Users\Kaj\AppData\Local\Microsoft\WindowsApps;C:\Users\Kaj\AppData\Local\GitHubDesktop\bin;C:\Users\Kaj\AppData\Local\Programs\Microsoft VS Code\bin;C:\Program Files\CMake\bin;C:\Program Files (x86)\Microsoft Visual Studio\Shared\Python37_86;;C:\Users\Kaj\AppData\Local\Microsoft\WindowsApps;C:\Users\Kaj\.dotnet\tools;C:\Users\Kaj\AppData\Roaming\npm;C:\Program Files (x86)\Arduino\java\bin
USERNAME=Kaj
OS=Windows_NT
PROCESSOR_IDENTIFIER=Intel64 Family 6 Model 158 Stepping 9, GenuineIntel



---------------  S Y S T E M  ---------------

OS: Windows 10.0 , 64 bit Build 19041 (10.0.19041.662)

CPU:total 4 (initial active 4) (4 cores per cpu, 1 threads per core) family 6 model 158 stepping 9, cmov, cx8, fxsr, mmx, sse, sse2, sse3, ssse3, sse4.1, sse4.2, popcnt, avx, avx2, aes, clmul, erms, 3dnowpref, lzcnt, tsc, tscinvbit, bmi1, bmi2, adx

Memory: 4k page, physical 16740504k(10065272k free), swap 19230872k(9017532k free)

vm_info: OpenJDK Client VM (25.232-b09) for windows-x86 JRE (1.8.0_232-b09), built on Oct 19 2019 08:36:22 by "jenkins" with MS VC++ 12.0 (VS2013)

time: Mon Dec 14 23:48:06 2020
timezone: Romance Standard Time
elapsed time: 4535 seconds (0d 1h 15m 35s)

